2016-03-15 13:52:00,353 [Worker-7] INFO  o.e.m.c.i.p.ProjectConfigurationManager - Collecting project info '/pom.xml' C:\Users\JAT\Desktop\Git\TDD\Calculator\pom.xml
2016-03-15 13:52:09,055 [Worker-7] INFO  o.e.m.c.i.l.LifecycleMappingFactory - Using org.eclipse.m2e.jdt.JarLifecycleMapping lifecycle mapping for MavenProject: Money:Calculator:0.0.1-SNAPSHOT @ C:\Users\JAT\Desktop\Git\TDD\Calculator\pom.xml.
2016-03-15 13:52:11,249 [Worker-8] INFO  o.e.m.c.i.l.LifecycleMappingFactory - Using org.eclipse.m2e.jdt.JarLifecycleMapping lifecycle mapping for MavenProject: Money:Calculator:0.0.1-SNAPSHOT @ C:\Users\JAT\Desktop\Git\TDD\Calculator\pom.xml.
2016-03-15 13:52:11,288 [Worker-7] INFO  o.e.m.j.i.AbstractJavaProjectConfigurator - Adding source folder /Calculator/src/main/java
2016-03-15 13:52:11,300 [Worker-7] INFO  o.e.m.j.i.AbstractJavaProjectConfigurator - Adding source folder /Calculator/src/test/java
2016-03-15 13:52:14,787 [Worker-7] INFO  o.e.m.c.i.p.ProjectConfigurationManager - Imported and configured 1 project(s) in 14 sec
2016-03-15 13:52:16,176 [Worker-6] INFO  o.e.m.c.i.l.LifecycleMappingFactory - Using org.eclipse.m2e.jdt.JarLifecycleMapping lifecycle mapping for MavenProject: Money:Calculator:0.0.1-SNAPSHOT @ C:\Users\JAT\Desktop\Git\TDD\Calculator\pom.xml.
2016-03-15 13:52:16,355 [Worker-6] INFO  o.e.m.c.i.embedder.EclipseLogger - Using 'UTF-8' encoding to copy filtered resources.
2016-03-15 13:52:16,356 [Worker-6] INFO  o.e.m.c.i.embedder.EclipseLogger - skip non existing resourceDirectory C:\Users\JAT\Desktop\Git\TDD\Calculator\src\main\resources
2016-03-15 13:52:16,361 [Worker-6] INFO  o.e.m.c.i.embedder.EclipseLogger - Using 'UTF-8' encoding to copy filtered resources.
2016-03-15 13:52:16,361 [Worker-6] INFO  o.e.m.c.i.embedder.EclipseLogger - skip non existing resourceDirectory C:\Users\JAT\Desktop\Git\TDD\Calculator\src\test\resources
2016-03-15 13:52:58,487 [Worker-2] INFO  o.e.m.c.i.embedder.EclipseLogger - Using 'UTF-8' encoding to copy filtered resources.
2016-03-15 13:52:58,488 [Worker-2] INFO  o.e.m.c.i.embedder.EclipseLogger - skip non existing resourceDirectory C:\Users\JAT\Desktop\Git\TDD\Calculator\src\main\resources
2016-03-15 13:52:58,492 [Worker-2] INFO  o.e.m.c.i.embedder.EclipseLogger - Using 'UTF-8' encoding to copy filtered resources.
2016-03-15 13:52:58,492 [Worker-2] INFO  o.e.m.c.i.embedder.EclipseLogger - skip non existing resourceDirectory C:\Users\JAT\Desktop\Git\TDD\Calculator\src\test\resources
2016-03-15 13:57:00,389 [Worker-7] INFO  o.e.m.c.i.embedder.EclipseLogger - Using 'UTF-8' encoding to copy filtered resources.
2016-03-15 13:57:00,390 [Worker-7] INFO  o.e.m.c.i.embedder.EclipseLogger - skip non existing resourceDirectory C:\Users\JAT\Desktop\Git\TDD\Calculator\src\main\resources
2016-03-15 13:57:00,394 [Worker-7] INFO  o.e.m.c.i.embedder.EclipseLogger - Using 'UTF-8' encoding to copy filtered resources.
2016-03-15 13:57:00,395 [Worker-7] INFO  o.e.m.c.i.embedder.EclipseLogger - skip non existing resourceDirectory C:\Users\JAT\Desktop\Git\TDD\Calculator\src\test\resources
2016-03-15 13:57:48,952 [Worker-8] INFO  o.e.m.c.i.embedder.EclipseLogger - Using 'UTF-8' encoding to copy filtered resources.
2016-03-15 13:57:48,953 [Worker-8] INFO  o.e.m.c.i.embedder.EclipseLogger - skip non existing resourceDirectory C:\Users\JAT\Desktop\Git\TDD\Calculator\src\main\resources
2016-03-15 13:57:48,956 [Worker-8] INFO  o.e.m.c.i.embedder.EclipseLogger - Using 'UTF-8' encoding to copy filtered resources.
2016-03-15 13:57:48,957 [Worker-8] INFO  o.e.m.c.i.embedder.EclipseLogger - skip non existing resourceDirectory C:\Users\JAT\Desktop\Git\TDD\Calculator\src\test\resources
2016-03-15 13:59:29,154 [Worker-9] INFO  o.e.m.c.i.embedder.EclipseLogger - Using 'UTF-8' encoding to copy filtered resources.
2016-03-15 13:59:29,154 [Worker-9] INFO  o.e.m.c.i.embedder.EclipseLogger - skip non existing resourceDirectory C:\Users\JAT\Desktop\Git\TDD\Calculator\src\main\resources
2016-03-15 13:59:29,157 [Worker-9] INFO  o.e.m.c.i.embedder.EclipseLogger - Using 'UTF-8' encoding to copy filtered resources.
2016-03-15 13:59:29,158 [Worker-9] INFO  o.e.m.c.i.embedder.EclipseLogger - skip non existing resourceDirectory C:\Users\JAT\Desktop\Git\TDD\Calculator\src\test\resources
2016-03-15 14:00:54,910 [Worker-11] INFO  o.e.m.c.i.embedder.EclipseLogger - Using 'UTF-8' encoding to copy filtered resources.
2016-03-15 14:00:54,911 [Worker-11] INFO  o.e.m.c.i.embedder.EclipseLogger - skip non existing resourceDirectory C:\Users\JAT\Desktop\Git\TDD\Calculator\src\main\resources
2016-03-15 14:00:54,913 [Worker-11] INFO  o.e.m.c.i.embedder.EclipseLogger - Using 'UTF-8' encoding to copy filtered resources.
2016-03-15 14:00:54,914 [Worker-11] INFO  o.e.m.c.i.embedder.EclipseLogger - skip non existing resourceDirectory C:\Users\JAT\Desktop\Git\TDD\Calculator\src\test\resources
2016-03-15 14:03:03,935 [Worker-2] INFO  o.e.m.c.i.embedder.EclipseLogger - Using 'UTF-8' encoding to copy filtered resources.
2016-03-15 14:03:03,937 [Worker-2] INFO  o.e.m.c.i.embedder.EclipseLogger - skip non existing resourceDirectory C:\Users\JAT\Desktop\Git\TDD\Calculator\src\main\resources
2016-03-15 14:03:03,940 [Worker-2] INFO  o.e.m.c.i.embedder.EclipseLogger - Using 'UTF-8' encoding to copy filtered resources.
2016-03-15 14:03:03,941 [Worker-2] INFO  o.e.m.c.i.embedder.EclipseLogger - skip non existing resourceDirectory C:\Users\JAT\Desktop\Git\TDD\Calculator\src\test\resources
2016-03-15 14:07:27,535 [Worker-11] INFO  o.e.m.c.i.embedder.EclipseLogger - Using 'UTF-8' encoding to copy filtered resources.
2016-03-15 14:07:27,536 [Worker-11] INFO  o.e.m.c.i.embedder.EclipseLogger - skip non existing resourceDirectory C:\Users\JAT\Desktop\Git\TDD\Calculator\src\main\resources
2016-03-15 14:07:27,542 [Worker-11] INFO  o.e.m.c.i.embedder.EclipseLogger - Using 'UTF-8' encoding to copy filtered resources.
2016-03-15 14:07:27,543 [Worker-11] INFO  o.e.m.c.i.embedder.EclipseLogger - skip non existing resourceDirectory C:\Users\JAT\Desktop\Git\TDD\Calculator\src\test\resources
2016-03-15 14:07:54,882 [Worker-10] INFO  o.e.m.c.i.embedder.EclipseLogger - Using 'UTF-8' encoding to copy filtered resources.
2016-03-15 14:07:54,883 [Worker-10] INFO  o.e.m.c.i.embedder.EclipseLogger - skip non existing resourceDirectory C:\Users\JAT\Desktop\Git\TDD\Calculator\src\main\resources
2016-03-15 14:07:54,885 [Worker-10] INFO  o.e.m.c.i.embedder.EclipseLogger - Using 'UTF-8' encoding to copy filtered resources.
2016-03-15 14:07:54,886 [Worker-10] INFO  o.e.m.c.i.embedder.EclipseLogger - skip non existing resourceDirectory C:\Users\JAT\Desktop\Git\TDD\Calculator\src\test\resources
2016-03-15 14:08:19,981 [Worker-8] INFO  o.e.m.c.i.embedder.EclipseLogger - Using 'UTF-8' encoding to copy filtered resources.
2016-03-15 14:08:19,982 [Worker-8] INFO  o.e.m.c.i.embedder.EclipseLogger - skip non existing resourceDirectory C:\Users\JAT\Desktop\Git\TDD\Calculator\src\main\resources
2016-03-15 14:08:19,985 [Worker-8] INFO  o.e.m.c.i.embedder.EclipseLogger - Using 'UTF-8' encoding to copy filtered resources.
2016-03-15 14:08:19,985 [Worker-8] INFO  o.e.m.c.i.embedder.EclipseLogger - skip non existing resourceDirectory C:\Users\JAT\Desktop\Git\TDD\Calculator\src\test\resources
2016-03-15 14:15:27,681 [Worker-13] INFO  o.e.m.c.i.embedder.EclipseLogger - Using 'UTF-8' encoding to copy filtered resources.
2016-03-15 14:15:27,683 [Worker-13] INFO  o.e.m.c.i.embedder.EclipseLogger - skip non existing resourceDirectory C:\Users\JAT\Desktop\Git\TDD\Calculator\src\main\resources
2016-03-15 14:15:27,689 [Worker-13] INFO  o.e.m.c.i.embedder.EclipseLogger - Using 'UTF-8' encoding to copy filtered resources.
2016-03-15 14:15:27,689 [Worker-13] INFO  o.e.m.c.i.embedder.EclipseLogger - skip non existing resourceDirectory C:\Users\JAT\Desktop\Git\TDD\Calculator\src\test\resources
2016-03-15 14:19:05,024 [Worker-6] INFO  o.e.m.c.i.embedder.EclipseLogger - Using 'UTF-8' encoding to copy filtered resources.
2016-03-15 14:19:05,025 [Worker-6] INFO  o.e.m.c.i.embedder.EclipseLogger - skip non existing resourceDirectory C:\Users\JAT\Desktop\Git\TDD\Calculator\src\main\resources
2016-03-15 14:19:05,028 [Worker-6] INFO  o.e.m.c.i.embedder.EclipseLogger - Using 'UTF-8' encoding to copy filtered resources.
2016-03-15 14:19:05,028 [Worker-6] INFO  o.e.m.c.i.embedder.EclipseLogger - skip non existing resourceDirectory C:\Users\JAT\Desktop\Git\TDD\Calculator\src\test\resources
2016-03-15 14:28:21,891 [Worker-20] INFO  o.e.m.c.i.embedder.EclipseLogger - Using 'UTF-8' encoding to copy filtered resources.
2016-03-15 14:28:21,892 [Worker-20] INFO  o.e.m.c.i.embedder.EclipseLogger - skip non existing resourceDirectory C:\Users\JAT\Desktop\Git\TDD\Calculator\src\main\resources
2016-03-15 14:28:21,895 [Worker-20] INFO  o.e.m.c.i.embedder.EclipseLogger - Using 'UTF-8' encoding to copy filtered resources.
2016-03-15 14:28:21,896 [Worker-20] INFO  o.e.m.c.i.embedder.EclipseLogger - skip non existing resourceDirectory C:\Users\JAT\Desktop\Git\TDD\Calculator\src\test\resources
2016-03-15 15:09:22,297 [Worker-29] INFO  o.e.m.c.i.embedder.EclipseLogger - Using 'UTF-8' encoding to copy filtered resources.
2016-03-15 15:09:22,299 [Worker-29] INFO  o.e.m.c.i.embedder.EclipseLogger - skip non existing resourceDirectory C:\Users\JAT\Desktop\Git\TDD\Calculator\src\main\resources
2016-03-15 15:09:22,302 [Worker-29] INFO  o.e.m.c.i.embedder.EclipseLogger - Using 'UTF-8' encoding to copy filtered resources.
2016-03-15 15:09:22,303 [Worker-29] INFO  o.e.m.c.i.embedder.EclipseLogger - skip non existing resourceDirectory C:\Users\JAT\Desktop\Git\TDD\Calculator\src\test\resources
2016-03-15 15:13:16,208 [Worker-37] INFO  o.e.m.c.i.embedder.EclipseLogger - Using 'UTF-8' encoding to copy filtered resources.
2016-03-15 15:13:16,209 [Worker-37] INFO  o.e.m.c.i.embedder.EclipseLogger - skip non existing resourceDirectory C:\Users\JAT\Desktop\Git\TDD\Calculator\src\main\resources
2016-03-15 15:13:16,213 [Worker-37] INFO  o.e.m.c.i.embedder.EclipseLogger - Using 'UTF-8' encoding to copy filtered resources.
2016-03-15 15:13:16,214 [Worker-37] INFO  o.e.m.c.i.embedder.EclipseLogger - skip non existing resourceDirectory C:\Users\JAT\Desktop\Git\TDD\Calculator\src\test\resources
2016-03-15 15:13:38,430 [Worker-36] INFO  o.e.m.c.i.embedder.EclipseLogger - Using 'UTF-8' encoding to copy filtered resources.
2016-03-15 15:13:38,431 [Worker-36] INFO  o.e.m.c.i.embedder.EclipseLogger - skip non existing resourceDirectory C:\Users\JAT\Desktop\Git\TDD\Calculator\src\main\resources
2016-03-15 15:13:38,437 [Worker-36] INFO  o.e.m.c.i.embedder.EclipseLogger - Using 'UTF-8' encoding to copy filtered resources.
2016-03-15 15:13:38,438 [Worker-36] INFO  o.e.m.c.i.embedder.EclipseLogger - skip non existing resourceDirectory C:\Users\JAT\Desktop\Git\TDD\Calculator\src\test\resources
2016-03-15 15:41:16,598 [Worker-44] INFO  o.e.m.c.i.embedder.EclipseLogger - Using 'UTF-8' encoding to copy filtered resources.
2016-03-15 15:41:16,598 [Worker-44] INFO  o.e.m.c.i.embedder.EclipseLogger - skip non existing resourceDirectory C:\Users\JAT\Desktop\Git\TDD\Calculator\src\main\resources
2016-03-15 15:41:16,598 [Worker-44] INFO  o.e.m.c.i.embedder.EclipseLogger - Using 'UTF-8' encoding to copy filtered resources.
2016-03-15 15:41:16,598 [Worker-44] INFO  o.e.m.c.i.embedder.EclipseLogger - skip non existing resourceDirectory C:\Users\JAT\Desktop\Git\TDD\Calculator\src\test\resources
2016-03-15 15:42:17,039 [Worker-44] INFO  o.e.m.c.i.embedder.EclipseLogger - Using 'UTF-8' encoding to copy filtered resources.
2016-03-15 15:42:17,039 [Worker-44] INFO  o.e.m.c.i.embedder.EclipseLogger - skip non existing resourceDirectory C:\Users\JAT\Desktop\Git\TDD\Calculator\src\main\resources
2016-03-15 15:42:17,039 [Worker-44] INFO  o.e.m.c.i.embedder.EclipseLogger - Using 'UTF-8' encoding to copy filtered resources.
2016-03-15 15:42:17,039 [Worker-44] INFO  o.e.m.c.i.embedder.EclipseLogger - skip non existing resourceDirectory C:\Users\JAT\Desktop\Git\TDD\Calculator\src\test\resources
2016-03-15 15:45:07,818 [Worker-39] INFO  o.e.m.c.i.embedder.EclipseLogger - Using 'UTF-8' encoding to copy filtered resources.
2016-03-15 15:45:07,818 [Worker-39] INFO  o.e.m.c.i.embedder.EclipseLogger - skip non existing resourceDirectory C:\Users\JAT\Desktop\Git\TDD\Calculator\src\main\resources
2016-03-15 15:45:07,818 [Worker-39] INFO  o.e.m.c.i.embedder.EclipseLogger - Using 'UTF-8' encoding to copy filtered resources.
2016-03-15 15:45:07,818 [Worker-39] INFO  o.e.m.c.i.embedder.EclipseLogger - skip non existing resourceDirectory C:\Users\JAT\Desktop\Git\TDD\Calculator\src\test\resources
2016-03-16 01:32:51,638 [Worker-1] INFO  o.e.m.c.i.embedder.EclipseLogger - Using 'UTF-8' encoding to copy filtered resources.
2016-03-16 01:32:51,654 [Worker-1] INFO  o.e.m.c.i.embedder.EclipseLogger - skip non existing resourceDirectory C:\Users\JAT\Desktop\Git\TDD\Calculator\src\main\resources
2016-03-16 01:32:51,654 [Worker-1] INFO  o.e.m.c.i.embedder.EclipseLogger - Using 'UTF-8' encoding to copy filtered resources.
2016-03-16 01:32:51,654 [Worker-1] INFO  o.e.m.c.i.embedder.EclipseLogger - skip non existing resourceDirectory C:\Users\JAT\Desktop\Git\TDD\Calculator\src\test\resources
2016-03-16 01:34:29,816 [Worker-1] INFO  o.e.m.c.i.embedder.EclipseLogger - Using 'UTF-8' encoding to copy filtered resources.
2016-03-16 01:34:29,816 [Worker-1] INFO  o.e.m.c.i.embedder.EclipseLogger - skip non existing resourceDirectory C:\Users\JAT\Desktop\Git\TDD\Calculator\src\main\resources
2016-03-16 01:34:29,816 [Worker-1] INFO  o.e.m.c.i.embedder.EclipseLogger - Using 'UTF-8' encoding to copy filtered resources.
2016-03-16 01:34:29,816 [Worker-1] INFO  o.e.m.c.i.embedder.EclipseLogger - skip non existing resourceDirectory C:\Users\JAT\Desktop\Git\TDD\Calculator\src\test\resources
2016-03-16 01:37:33,775 [Worker-6] INFO  o.e.m.c.i.embedder.EclipseLogger - Using 'UTF-8' encoding to copy filtered resources.
2016-03-16 01:37:33,775 [Worker-6] INFO  o.e.m.c.i.embedder.EclipseLogger - skip non existing resourceDirectory C:\Users\JAT\Desktop\Git\TDD\Calculator\src\main\resources
2016-03-16 01:37:33,775 [Worker-6] INFO  o.e.m.c.i.embedder.EclipseLogger - Using 'UTF-8' encoding to copy filtered resources.
2016-03-16 01:37:33,775 [Worker-6] INFO  o.e.m.c.i.embedder.EclipseLogger - skip non existing resourceDirectory C:\Users\JAT\Desktop\Git\TDD\Calculator\src\test\resources
2016-03-16 01:39:48,435 [Worker-6] INFO  o.e.m.c.i.embedder.EclipseLogger - Using 'UTF-8' encoding to copy filtered resources.
2016-03-16 01:39:48,435 [Worker-6] INFO  o.e.m.c.i.embedder.EclipseLogger - skip non existing resourceDirectory C:\Users\JAT\Desktop\Git\TDD\Calculator\src\main\resources
2016-03-16 01:39:48,435 [Worker-6] INFO  o.e.m.c.i.embedder.EclipseLogger - Using 'UTF-8' encoding to copy filtered resources.
2016-03-16 01:39:48,435 [Worker-6] INFO  o.e.m.c.i.embedder.EclipseLogger - skip non existing resourceDirectory C:\Users\JAT\Desktop\Git\TDD\Calculator\src\test\resources
2016-03-16 01:40:17,194 [Worker-9] INFO  o.e.m.c.i.embedder.EclipseLogger - Using 'UTF-8' encoding to copy filtered resources.
2016-03-16 01:40:17,194 [Worker-9] INFO  o.e.m.c.i.embedder.EclipseLogger - skip non existing resourceDirectory C:\Users\JAT\Desktop\Git\TDD\Calculator\src\main\resources
2016-03-16 01:40:17,194 [Worker-9] INFO  o.e.m.c.i.embedder.EclipseLogger - Using 'UTF-8' encoding to copy filtered resources.
2016-03-16 01:40:17,194 [Worker-9] INFO  o.e.m.c.i.embedder.EclipseLogger - skip non existing resourceDirectory C:\Users\JAT\Desktop\Git\TDD\Calculator\src\test\resources
2016-03-16 01:40:53,473 [Worker-8] INFO  o.e.m.c.i.embedder.EclipseLogger - Using 'UTF-8' encoding to copy filtered resources.
2016-03-16 01:40:53,475 [Worker-8] INFO  o.e.m.c.i.embedder.EclipseLogger - skip non existing resourceDirectory C:\Users\JAT\Desktop\Git\TDD\Calculator\src\main\resources
2016-03-16 01:40:53,477 [Worker-8] INFO  o.e.m.c.i.embedder.EclipseLogger - Using 'UTF-8' encoding to copy filtered resources.
2016-03-16 01:40:53,478 [Worker-8] INFO  o.e.m.c.i.embedder.EclipseLogger - skip non existing resourceDirectory C:\Users\JAT\Desktop\Git\TDD\Calculator\src\test\resources
2016-03-21 03:02:23,883 [Worker-3] INFO  o.e.m.c.i.p.ProjectConfigurationManager - Collecting project info '/pom.xml' C:\Users\JAT\Desktop\Git\TDD\Fibonacci\pom.xml
2016-03-21 03:02:32,699 [Worker-3] INFO  o.e.m.c.i.l.LifecycleMappingFactory - Using org.eclipse.m2e.jdt.JarLifecycleMapping lifecycle mapping for MavenProject: Number:Fibonacci:0.0.1-SNAPSHOT @ C:\Users\JAT\Desktop\Git\TDD\Fibonacci\pom.xml.
2016-03-21 03:02:34,148 [Worker-2] INFO  o.e.m.c.i.l.LifecycleMappingFactory - Using org.eclipse.m2e.jdt.JarLifecycleMapping lifecycle mapping for MavenProject: Number:Fibonacci:0.0.1-SNAPSHOT @ C:\Users\JAT\Desktop\Git\TDD\Fibonacci\pom.xml.
2016-03-21 03:02:36,663 [Worker-3] INFO  o.e.m.j.i.AbstractJavaProjectConfigurator - Adding source folder /Fibonacci/src/main/java
2016-03-21 03:02:36,689 [Worker-3] INFO  o.e.m.j.i.AbstractJavaProjectConfigurator - Adding source folder /Fibonacci/src/test/java
2016-03-21 03:02:37,127 [Worker-3] INFO  o.e.m.c.i.p.ProjectConfigurationManager - Imported and configured 1 project(s) in 13 sec
2016-03-21 03:02:40,255 [Worker-4] INFO  o.e.m.c.i.l.LifecycleMappingFactory - Using org.eclipse.m2e.jdt.JarLifecycleMapping lifecycle mapping for MavenProject: Number:Fibonacci:0.0.1-SNAPSHOT @ C:\Users\JAT\Desktop\Git\TDD\Fibonacci\pom.xml.
2016-03-21 03:02:40,488 [Worker-4] INFO  o.e.m.c.i.embedder.EclipseLogger - Using 'UTF-8' encoding to copy filtered resources.
2016-03-21 03:02:40,489 [Worker-4] INFO  o.e.m.c.i.embedder.EclipseLogger - skip non existing resourceDirectory C:\Users\JAT\Desktop\Git\TDD\Fibonacci\src\main\resources
2016-03-21 03:02:40,494 [Worker-4] INFO  o.e.m.c.i.embedder.EclipseLogger - Using 'UTF-8' encoding to copy filtered resources.
2016-03-21 03:02:40,495 [Worker-4] INFO  o.e.m.c.i.embedder.EclipseLogger - skip non existing resourceDirectory C:\Users\JAT\Desktop\Git\TDD\Fibonacci\src\test\resources
2016-03-21 03:03:10,917 [Worker-2] INFO  o.e.m.c.i.embedder.EclipseLogger - Using 'UTF-8' encoding to copy filtered resources.
2016-03-21 03:03:10,917 [Worker-2] INFO  o.e.m.c.i.embedder.EclipseLogger - skip non existing resourceDirectory C:\Users\JAT\Desktop\Git\TDD\Fibonacci\src\main\resources
2016-03-21 03:03:10,921 [Worker-2] INFO  o.e.m.c.i.embedder.EclipseLogger - Using 'UTF-8' encoding to copy filtered resources.
2016-03-21 03:03:10,921 [Worker-2] INFO  o.e.m.c.i.embedder.EclipseLogger - skip non existing resourceDirectory C:\Users\JAT\Desktop\Git\TDD\Fibonacci\src\test\resources
2016-03-21 03:07:43,355 [Worker-9] INFO  o.e.m.c.i.embedder.EclipseLogger - Using 'UTF-8' encoding to copy filtered resources.
2016-03-21 03:07:43,356 [Worker-9] INFO  o.e.m.c.i.embedder.EclipseLogger - skip non existing resourceDirectory C:\Users\JAT\Desktop\Git\TDD\Fibonacci\src\main\resources
2016-03-21 03:07:43,360 [Worker-9] INFO  o.e.m.c.i.embedder.EclipseLogger - Using 'UTF-8' encoding to copy filtered resources.
2016-03-21 03:07:43,360 [Worker-9] INFO  o.e.m.c.i.embedder.EclipseLogger - skip non existing resourceDirectory C:\Users\JAT\Desktop\Git\TDD\Fibonacci\src\test\resources
2016-03-21 03:08:30,121 [Worker-10] INFO  o.e.m.c.i.embedder.EclipseLogger - Using 'UTF-8' encoding to copy filtered resources.
2016-03-21 03:08:30,123 [Worker-10] INFO  o.e.m.c.i.embedder.EclipseLogger - skip non existing resourceDirectory C:\Users\JAT\Desktop\Git\TDD\Fibonacci\src\main\resources
2016-03-21 03:08:30,125 [Worker-10] INFO  o.e.m.c.i.embedder.EclipseLogger - Using 'UTF-8' encoding to copy filtered resources.
2016-03-21 03:08:30,126 [Worker-10] INFO  o.e.m.c.i.embedder.EclipseLogger - skip non existing resourceDirectory C:\Users\JAT\Desktop\Git\TDD\Fibonacci\src\test\resources
2016-03-21 03:09:25,001 [Worker-10] INFO  o.e.m.c.i.embedder.EclipseLogger - Using 'UTF-8' encoding to copy filtered resources.
2016-03-21 03:09:25,002 [Worker-10] INFO  o.e.m.c.i.embedder.EclipseLogger - skip non existing resourceDirectory C:\Users\JAT\Desktop\Git\TDD\Fibonacci\src\main\resources
2016-03-21 03:09:25,006 [Worker-10] INFO  o.e.m.c.i.embedder.EclipseLogger - Using 'UTF-8' encoding to copy filtered resources.
2016-03-21 03:09:25,007 [Worker-10] INFO  o.e.m.c.i.embedder.EclipseLogger - skip non existing resourceDirectory C:\Users\JAT\Desktop\Git\TDD\Fibonacci\src\test\resources
2016-03-21 03:14:02,373 [Worker-3] INFO  o.e.m.c.i.embedder.EclipseLogger - Using 'UTF-8' encoding to copy filtered resources.
2016-03-21 03:14:02,376 [Worker-3] INFO  o.e.m.c.i.embedder.EclipseLogger - skip non existing resourceDirectory C:\Users\JAT\Desktop\Git\TDD\Fibonacci\src\main\resources
2016-03-21 03:14:02,380 [Worker-3] INFO  o.e.m.c.i.embedder.EclipseLogger - Using 'UTF-8' encoding to copy filtered resources.
2016-03-21 03:14:02,381 [Worker-3] INFO  o.e.m.c.i.embedder.EclipseLogger - skip non existing resourceDirectory C:\Users\JAT\Desktop\Git\TDD\Fibonacci\src\test\resources
2016-03-21 03:15:26,325 [Worker-10] INFO  o.e.m.c.i.embedder.EclipseLogger - Using 'UTF-8' encoding to copy filtered resources.
2016-03-21 03:15:26,326 [Worker-10] INFO  o.e.m.c.i.embedder.EclipseLogger - skip non existing resourceDirectory C:\Users\JAT\Desktop\Git\TDD\Fibonacci\src\main\resources
2016-03-21 03:15:26,328 [Worker-10] INFO  o.e.m.c.i.embedder.EclipseLogger - Using 'UTF-8' encoding to copy filtered resources.
2016-03-21 03:15:26,329 [Worker-10] INFO  o.e.m.c.i.embedder.EclipseLogger - skip non existing resourceDirectory C:\Users\JAT\Desktop\Git\TDD\Fibonacci\src\test\resources
